<?xml version="1.0" encoding="UTF-8"?>
<testng-results ignored="0" total="1" passed="1" failed="0" skipped="0">
  <reporter-output>
  </reporter-output>
  <suite started-at="2022-11-11T11:53:05 PST" name="Default suite" finished-at="2022-11-11T11:53:05 PST" duration-ms="34">
    <groups>
    </groups>
    <test started-at="2022-11-11T11:53:05 PST" name="Default test" finished-at="2022-11-11T11:53:05 PST" duration-ms="34">
      <class name="JDBCtests">
        <test-method is-config="true" signature="beforeMethod()[pri:0, instance:JDBCtests@2177849e]" started-at="2022-11-11T11:53:05 PST" name="beforeMethod" finished-at="2022-11-11T11:53:05 PST" duration-ms="4" status="PASS">
          <reporter-output>
          </reporter-output>
        </test-method> <!-- beforeMethod -->
        <test-method signature="CanRunTests()[pri:0, instance:JDBCtests@2177849e]" started-at="2022-11-11T11:53:05 PST" name="CanRunTests" finished-at="2022-11-11T11:53:05 PST" duration-ms="3" status="PASS">
          <reporter-output>
          </reporter-output>
        </test-method> <!-- CanRunTests -->
      </class> <!-- JDBCtests -->
    </test> <!-- Default test -->
  </suite> <!-- Default suite -->
</testng-results>
